
/index.html200 OK	/root/work/http/www/index.html	1701
/index.html200 OK	/root/work/http/www/index.html	1701
/index.html200 OK	/root/work/http/www/index.html	1701
/angular.js200 OK	/root/work/http/www/angular.js	1246179
/demo.js200 OK	/root/work/http/www/demo.js	116
/demo.css200 OK	/root/work/http/www/demo.css	167
/favicon.ico404 Not Found	/root/work/http/www/favicon.ico
/favicon.ico404 Not Found	/root/work/http/www/favicon.ico
/index.html200 OK	/root/work/http/www/index.html	1701
/angular.js200 OK	/root/work/http/www/angular.js	1246179
/demo.js200 OK	/root/work/http/www/demo.js	116
/demo.css200 OK	/root/work/http/www/demo.css	167
/favicon.ico200 OK	/root/work/http/www/favicon.ico	6435
/favicon.ico200 OK	/root/work/http/www/favicon.ico	6435
/index.html200 OK	/root/work/http/www/index.html	1701
/index.html200 OK	/root/work/http/www/index.html	1701
/index.html200 OK	/root/work/http/www/index.html	1701
/index.html200 OK	/root/work/http/www/index.html	1701
/index.html200 OK	/root/work/http/www/index.html	1701
/index.html200 OK	/root/work/http/www/index.html	1701
/test/favicon.ico200 OK	/root/work/http/www/favicon.ico	6435
/index.html200 OK	/root/work/http/www/index.html	1701
/angular.js200 OK	/root/work/http/www/angular.js	1246179
/demo.js200 OK	/root/work/http/www/demo.js	116
/demo.css200 OK	/root/work/http/www/demo.css	167
/test/index.html200 OK	/root/work/http/www/index.html	1701
/angular.js200 OK	/root/work/http/www/angular.js	1246179
/demo.js200 OK	/root/work/http/www/demo.js	116
/demo.css200 OK	/root/work/http/www/demo.css	167
/index.html200 OK	/root/work/http/www/index.html	1701
/demo.css200 OK	/root/work/http/www/demo.css	167
/angular.js200 OK	/root/work/http/www/angular.js	1246179
/demo.js200 OK	/root/work/http/www/demo.js	116
/favicon.ico200 OK	/root/work/http/www/favicon.ico	6435
/index.html200 OK	/root/work/http/www/index.html	1701
/angular.js200 OK	/root/work/http/www/angular.js	1246179
/demo.js200 OK	/root/work/http/www/demo.js	116
/demo.css200 OK	/root/work/http/www/demo.css	167
/index.html200 OK	/root/work/http/www/index.html	1701
/angular.js200 OK	/root/work/http/www/angular.js	1246179
/demo.js200 OK	/root/work/http/www/demo.js	116
/demo.css200 OK	/root/work/http/www/demo.css	167
/index.html200 OK	/root/work/http/www/index.html	1701
/angular.js200 OK	/root/work/http/www/angular.js	1246179
/demo.js200 OK	/root/work/http/www/demo.js	116
/demo.css200 OK	/root/work/http/www/demo.css	167
/index.html200 OK	/root/work/http/www/index.html	1701
/angular.js200 OK	/root/work/http/www/angular.js	1246179
/demo.js200 OK	/root/work/http/www/demo.js	116
/demo.css200 OK	/root/work/http/www/demo.css	167
/index.html200 OK	/root/work/http/www/index.html	1701
/angular.js200 OK	/root/work/http/www/angular.js	1246179
/demo.js200 OK	/root/work/http/www/demo.js	116
/demo.css200 OK	/root/work/http/www/demo.css	167
/index.html200 OK	/root/work/http/www/index.html	1701
/angular.js200 OK	/root/work/http/www/angular.js	1246179
/demo.js200 OK	/root/work/http/www/demo.js	116
/demo.css200 OK	/root/work/http/www/demo.css	167
/index.html200 OK	/root/work/http/www/index.html	1701
/angular.js200 OK	/root/work/http/www/angular.js	1246179
/demo.js200 OK	/root/work/http/www/demo.js	116
/demo.css200 OK	/root/work/http/www/demo.css	167
/index.html200 OK	/root/work/http/www/index.html	1701
/index.html/angular.js200 OK	/root/work/http/www/angular.js	1246179
/demo.css200 OK	/root/work/http/www/demo.css	167
/demo.js200 OK	/root/work/http/www/demo.js	116
/angular.js200 OK	/root/work/http/www/angular.js	1246179
/favicon.ico200 OK	/root/work/http/www/favicon.ico	6435
/index.html200 OK	/root/work/http/www/index.html	1701
/index.html/angular.js200 OK	/root/work/http/www/angular.js	1246179
/demo.js200 OK	/root/work/http/www/demo.js	116
/demo.css200 OK	/root/work/http/www/demo.css	167
/angular.js200 OK	/root/work/http/www/angular.js	1246179
/index.html200 OK	/root/work/http/www/index.html	1701
/angular.js200 OK	/root/work/http/www/angular.js	1246179
/demo.css200 OK	/root/work/http/www/demo.css	167
/demo.js200 OK	/root/work/http/www/demo.js	116
/angular.js200 OK	/root/work/http/www/angular.js	1246179
/index.html200 OK	/root/work/http/www/index.html	1701
/demo.css200 OK	/root/work/http/www/demo.css	167
/angular.js200 OK	/root/work/http/www/angular.js	1246179
/demo.js200 OK	/root/work/http/www/demo.js	116
/favicon.ico200 OK	/root/work/http/www/favicon.ico	6435
/index.html200 OK	/root/work/http/www/index.html	1701
/demo.js200 OK	/root/work/http/www/demo.js	116
/angular.js200 OK	/root/work/http/www/angular.js	1246179
/demo.css200 OK	/root/work/http/www/demo.css	167
/angular.js200 OK	/root/work/http/www/angular.js	1246179
/favicon.ico200 OK	/root/work/http/www/favicon.ico	6435
/index.html200 OK	/root/work/http/www/index.html	1701
/angular.js200 OK	/root/work/http/www/angular.js	1246179
/demo.js200 OK	/root/work/http/www/demo.js	116
/demo.css200 OK	/root/work/http/www/demo.css	167
/angular.js200 OK	/root/work/http/www/angular.js	1246179
/index.html200 OK	/root/work/http/www/index.html	1701
/angular.js200 OK	/root/work/http/www/angular.js	1246179
/demo.js200 OK	/root/work/http/www/demo.js	116
/demo.css200 OK	/root/work/http/www/demo.css	167
/angular.js200 OK	/root/work/http/www/angular.js	1246179
/favicon.ico200 OK	/root/work/http/www/favicon.ico	6435
/index.html200 OK	/root/work/http/www/index.html	1701
/angular.js/demo.js200 OK	/root/work/http/www/demo.js	116
/demo.css200 OK	/root/work/http/www/demo.css	167
/test/index.html200 OK	/root/work/http/www/index.html	1701
/angular.js/demo.js200 OK	/root/work/http/www/demo.js	116
/demo.css200 OK	/root/work/http/www/demo.css	167
/index.html200 OK	/root/work/http/www/index.html	1701
/demo.css200 OK	/root/work/http/www/demo.css	167
/angular.js/demo.js200 OK	/root/work/http/www/demo.js	116
/favicon.ico200 OK	/root/work/http/www/favicon.ico	6435
